FATAL [Thread-7] 2015-05-30 13:08:48,670 repast.simphony.ui.GUIScheduleRunner - RunTimeException when running the schedule
Current tick (8.0)
java.lang.RuntimeException: java.lang.reflect.InvocationTargetException
	at repast.simphony.engine.schedule.DynamicTargetAction.execute(DynamicTargetAction.java:72)
	at repast.simphony.engine.controller.ScheduledMethodControllerAction$ScheduleMethodAllAction.execute(ScheduledMethodControllerAction.java:333)
	at repast.simphony.engine.schedule.DefaultAction.execute(DefaultAction.java:38)
	at repast.simphony.engine.schedule.ScheduleGroup.executeList(ScheduleGroup.java:205)
	at repast.simphony.engine.schedule.ScheduleGroup.execute(ScheduleGroup.java:231)
	at repast.simphony.engine.schedule.Schedule.execute(Schedule.java:352)
	at repast.simphony.ui.GUIScheduleRunner$ScheduleLoopRunnable.run(GUIScheduleRunner.java:52)
	at java.lang.Thread.run(Thread.java:724)
Caused by: java.lang.reflect.InvocationTargetException
	at cybersym1.Agent$$FastClassByCGLIB$$a54fb35a.invoke(<generated>)
	at net.sf.cglib.reflect.FastMethod.invoke(FastMethod.java:53)
	at repast.simphony.engine.schedule.DynamicTargetAction.execute(DynamicTargetAction.java:69)
	... 7 more
Caused by: java.lang.OutOfMemoryError: Java heap space
	at java.util.LinkedList.toArray(LinkedList.java:1037)
	at java.util.LinkedList.addAll(LinkedList.java:406)
	at java.util.LinkedList.addAll(LinkedList.java:385)
	at cybersym1.Agent.findPossibleCombinations(Agent.java:473)
	at cybersym1.Agent.determineBestJob(Agent.java:417)
	at cybersym1.Agent.determineAction(Agent.java:354)
	at cybersym1.Agent.step(Agent.java:95)
	... 10 more
FATAL [Thread-7] 2015-05-30 14:13:52,513 repast.simphony.ui.GUIScheduleRunner - RunTimeException when running the schedule
Current tick (6.0)
java.lang.RuntimeException: java.lang.reflect.InvocationTargetException
	at repast.simphony.engine.schedule.DynamicTargetAction.execute(DynamicTargetAction.java:72)
	at repast.simphony.engine.controller.ScheduledMethodControllerAction$ScheduleMethodAllAction.execute(ScheduledMethodControllerAction.java:333)
	at repast.simphony.engine.schedule.DefaultAction.execute(DefaultAction.java:38)
	at repast.simphony.engine.schedule.ScheduleGroup.executeList(ScheduleGroup.java:205)
	at repast.simphony.engine.schedule.ScheduleGroup.execute(ScheduleGroup.java:231)
	at repast.simphony.engine.schedule.Schedule.execute(Schedule.java:352)
	at repast.simphony.ui.GUIScheduleRunner$ScheduleLoopRunnable.run(GUIScheduleRunner.java:52)
	at java.lang.Thread.run(Thread.java:724)
Caused by: java.lang.reflect.InvocationTargetException
	at cybersym1.Agent$$FastClassByCGLIB$$a54fb35a.invoke(<generated>)
	at net.sf.cglib.reflect.FastMethod.invoke(FastMethod.java:53)
	at repast.simphony.engine.schedule.DynamicTargetAction.execute(DynamicTargetAction.java:69)
	... 7 more
Caused by: java.lang.NullPointerException
	at cybersym1.Agent.performAction(Agent.java:551)
	at cybersym1.Agent.performAction(Agent.java:521)
	at cybersym1.Agent.step(Agent.java:99)
	... 10 more
FATAL [Thread-7] 2015-06-01 16:39:29,712 repast.simphony.ui.GUIScheduleRunner - RunTimeException when running the schedule
Current tick (25.0)
java.lang.RuntimeException: java.lang.reflect.InvocationTargetException
	at repast.simphony.engine.schedule.DynamicTargetAction.execute(DynamicTargetAction.java:72)
	at repast.simphony.engine.controller.ScheduledMethodControllerAction$ScheduleMethodAllAction.execute(ScheduledMethodControllerAction.java:333)
	at repast.simphony.engine.schedule.DefaultAction.execute(DefaultAction.java:38)
	at repast.simphony.engine.schedule.ScheduleGroup.executeList(ScheduleGroup.java:205)
	at repast.simphony.engine.schedule.ScheduleGroup.execute(ScheduleGroup.java:231)
	at repast.simphony.engine.schedule.Schedule.execute(Schedule.java:352)
	at repast.simphony.ui.GUIScheduleRunner$ScheduleLoopRunnable.run(GUIScheduleRunner.java:52)
	at java.lang.Thread.run(Thread.java:724)
Caused by: java.lang.reflect.InvocationTargetException
	at cybersym1.Agent$$FastClassByCGLIB$$a54fb35a.invoke(<generated>)
	at net.sf.cglib.reflect.FastMethod.invoke(FastMethod.java:53)
	at repast.simphony.engine.schedule.DynamicTargetAction.execute(DynamicTargetAction.java:69)
	... 7 more
Caused by: java.lang.NullPointerException
	at java.util.Collections.indexOfSubList(Collections.java:925)
	at cybersym1.IntelligenceInterface.rateAction(IntelligenceInterface.java:81)
	at cybersym1.Agent.determineBestJob(Agent.java:438)
	at cybersym1.Agent.determineAction(Agent.java:365)
	at cybersym1.Agent.step(Agent.java:106)
	... 10 more
FATAL [Thread-7] 2015-06-02 09:48:50,499 repast.simphony.ui.GUIScheduleRunner - RunTimeException when running the schedule
Current tick (31.0)
java.lang.RuntimeException: java.lang.reflect.InvocationTargetException
	at repast.simphony.engine.schedule.DynamicTargetAction.execute(DynamicTargetAction.java:72)
	at repast.simphony.engine.controller.ScheduledMethodControllerAction$ScheduleMethodAllAction.execute(ScheduledMethodControllerAction.java:333)
	at repast.simphony.engine.schedule.DefaultAction.execute(DefaultAction.java:38)
	at repast.simphony.engine.schedule.ScheduleGroup.executeList(ScheduleGroup.java:205)
	at repast.simphony.engine.schedule.ScheduleGroup.execute(ScheduleGroup.java:231)
	at repast.simphony.engine.schedule.Schedule.execute(Schedule.java:352)
	at repast.simphony.ui.GUIScheduleRunner$ScheduleLoopRunnable.run(GUIScheduleRunner.java:52)
	at java.lang.Thread.run(Thread.java:724)
Caused by: java.lang.reflect.InvocationTargetException
	at cybersym1.Agent$$FastClassByCGLIB$$a54fb35a.invoke(<generated>)
	at net.sf.cglib.reflect.FastMethod.invoke(FastMethod.java:53)
	at repast.simphony.engine.schedule.DynamicTargetAction.execute(DynamicTargetAction.java:69)
	... 7 more
Caused by: java.lang.ArithmeticException: / by zero
	at cybersym1.IntelligenceInterface.rateAction(IntelligenceInterface.java:57)
	at cybersym1.Agent.determineBestJob(Agent.java:425)
	at cybersym1.Agent.determineAction(Agent.java:369)
	at cybersym1.Agent.step(Agent.java:109)
	... 10 more
